running develop
running egg_info
creating web_ui.egg-info
writing web_ui.egg-info/PKG-INFO
writing dependency_links to web_ui.egg-info/dependency_links.txt
writing entry points to web_ui.egg-info/entry_points.txt
writing requirements to web_ui.egg-info/requires.txt
writing top-level names to web_ui.egg-info/top_level.txt
writing manifest file 'web_ui.egg-info/SOURCES.txt'
reading manifest file 'web_ui.egg-info/SOURCES.txt'
writing manifest file 'web_ui.egg-info/SOURCES.txt'
running build_ext
Creating /home/jay/IRC_2026/install/web_ui/lib/python3.12/site-packages/web-ui.egg-link (link to .)
Installing web_ui_server script to /home/jay/IRC_2026/install/web_ui/lib/web_ui

Installed /home/jay/IRC_2026/build/web_ui
running symlink_data
creating /home/jay/IRC_2026/install/web_ui/share/ament_index
creating /home/jay/IRC_2026/install/web_ui/share/ament_index/resource_index
creating /home/jay/IRC_2026/install/web_ui/share/ament_index/resource_index/packages
symbolically linking /home/jay/IRC_2026/build/web_ui/resource/web_ui -> /home/jay/IRC_2026/install/web_ui/share/ament_index/resource_index/packages
symbolically linking /home/jay/IRC_2026/build/web_ui/package.xml -> /home/jay/IRC_2026/install/web_ui/share/web_ui
creating /home/jay/IRC_2026/install/web_ui/share/web_ui/www
symbolically linking /home/jay/IRC_2026/build/web_ui/web_ui/www/favicon_1.svg -> /home/jay/IRC_2026/install/web_ui/share/web_ui/www
symbolically linking /home/jay/IRC_2026/build/web_ui/web_ui/www/favicon.svg -> /home/jay/IRC_2026/install/web_ui/share/web_ui/www
symbolically linking /home/jay/IRC_2026/build/web_ui/web_ui/www/style.css -> /home/jay/IRC_2026/install/web_ui/share/web_ui/www
symbolically linking /home/jay/IRC_2026/build/web_ui/web_ui/www/index.html -> /home/jay/IRC_2026/install/web_ui/share/web_ui/www
symbolically linking /home/jay/IRC_2026/build/web_ui/web_ui/www/config/topics.json -> /home/jay/IRC_2026/install/web_ui/share/web_ui/www
symbolically linking /home/jay/IRC_2026/build/web_ui/web_ui/www/config/topics_real.json -> /home/jay/IRC_2026/install/web_ui/share/web_ui/www
symbolically linking /home/jay/IRC_2026/build/web_ui/web_ui/www/js/app.js -> /home/jay/IRC_2026/install/web_ui/share/web_ui/www
creating /home/jay/IRC_2026/install/web_ui/share/web_ui/launch
symbolically linking /home/jay/IRC_2026/build/web_ui/launch/web_ui.launch.py -> /home/jay/IRC_2026/install/web_ui/share/web_ui/launch
